[    0.000000] Initializing cgroup subsys cpuset
[    0.000000] Initializing cgroup subsys cpu
[    0.000000] Initializing cgroup subsys cpuacct
[    0.000000] Linux version 4.4.0-184-generic (buildd@lgw01-amd64-060) (gcc version 5.4.0 20160609 (Ubuntu 5.4.0-6ubuntu1~16.04.12) ) #214-Ubuntu SMP Thu Jun 4 10:14:11 UTC 2020 (Ubuntu 4.4.0-184.214-generic 4.4.223)
[    0.000000] Command line: BOOT_IMAGE=/boot/vmlinuz-4.4.0-184-generic root=LABEL=cloudimg-rootfs ro console=tty1 console=ttyS0
[    0.000000] KERNEL supported cpus:
[    0.000000]   Intel GenuineIntel
[    0.000000]   AMD AuthenticAMD
[    0.000000]   Centaur CentaurHauls
[    0.000000] x86/fpu: Legacy x87 FPU detected.
[    0.000000] e820: BIOS-provided physical RAM map:
[    0.000000] BIOS-e820: [mem 0x0000000000000000-0x000000000009fbff] usable
[    0.000000] BIOS-e820: [mem 0x000000000009fc00-0x000000000009ffff] reserved
[    0.000000] BIOS-e820: [mem 0x00000000000f0000-0x00000000000fffff] reserved
[    0.000000] BIOS-e820: [mem 0x0000000000100000-0x000000003ffeffff] usable
[    0.000000] BIOS-e820: [mem 0x000000003fff0000-0x000000003fffffff] ACPI data
[    0.000000] BIOS-e820: [mem 0x00000000fec00000-0x00000000fec00fff] reserved
[    0.000000] BIOS-e820: [mem 0x00000000fee00000-0x00000000fee00fff] reserved
[    0.000000] BIOS-e820: [mem 0x00000000fffc0000-0x00000000ffffffff] reserved
[    0.000000] NX (Execute Disable) protection: active
[    0.000000] SMBIOS 2.5 present.
[    0.000000] Hypervisor detected: KVM
[    0.000000] e820: last_pfn = 0x3fff0 max_arch_pfn = 0x400000000
[    0.000000] MTRR: Disabled
[    0.000000] x86/PAT: MTRRs disabled, skipping PAT initialization too.
[    0.000000] CPU MTRRs all blank - virtualized system.
[    0.000000] x86/PAT: Configuration [0-7]: WB  WT  UC- UC  WB  WT  UC- UC  
[    0.000000] found SMP MP-table at [mem 0x0009fff0-0x0009ffff] mapped at [ffff88000009fff0]
[    0.000000] Scanning 1 areas for low memory corruption
[    0.000000] RAMDISK: [mem 0x362e0000-0x37167fff]
[    0.000000] ACPI: Early table checksum verification disabled
[    0.000000] ACPI: RSDP 0x00000000000E0000 000024 (v02 VBOX  )
[    0.000000] ACPI: XSDT 0x000000003FFF0030 00003C (v01 VBOX   VBOXXSDT 00000001 ASL  00000061)
[    0.000000] ACPI: FACP 0x000000003FFF00F0 0000F4 (v04 VBOX   VBOXFACP 00000001 ASL  00000061)
[    0.000000] ACPI: DSDT 0x000000003FFF0470 002325 (v02 VBOX   VBOXBIOS 00000002 INTL 20100528)
[    0.000000] ACPI: FACS 0x000000003FFF0200 000040
[    0.000000] ACPI: FACS 0x000000003FFF0200 000040
[    0.000000] ACPI: APIC 0x000000003FFF0240 00005C (v02 VBOX   VBOXAPIC 00000001 ASL  00000061)
[    0.000000] ACPI: SSDT 0x000000003FFF02A0 0001CC (v01 VBOX   VBOXCPUT 00000002 INTL 20100528)
[    0.000000] No NUMA configuration found
[    0.000000] Faking a node at [mem 0x0000000000000000-0x000000003ffeffff]
[    0.000000] NODE_DATA(0) allocated [mem 0x3ffeb000-0x3ffeffff]
[    0.000000] kvm-clock: Using msrs 4b564d01 and 4b564d00
[    0.000000] kvm-clock: cpu 0, msr 0:3ffe3001, primary cpu clock
[    0.000000] kvm-clock: using sched offset of 12820557169 cycles
[    0.000000] clocksource: kvm-clock: mask: 0xffffffffffffffff max_cycles: 0x1cd42e4dffb, max_idle_ns: 881590591483 ns
[    0.000000] Zone ranges:
[    0.000000]   DMA      [mem 0x0000000000001000-0x0000000000ffffff]
[    0.000000]   DMA32    [mem 0x0000000001000000-0x000000003ffeffff]
[    0.000000]   Normal   empty
[    0.000000]   Device   empty
[    0.000000] Movable zone start for each node
[    0.000000] Early memory node ranges
[    0.000000]   node   0: [mem 0x0000000000001000-0x000000000009efff]
[    0.000000]   node   0: [mem 0x0000000000100000-0x000000003ffeffff]
[    0.000000] Initmem setup node 0 [mem 0x0000000000001000-0x000000003ffeffff]
[    0.000000] ACPI: PM-Timer IO Port: 0x4008
[    0.000000] IOAPIC[0]: apic_id 2, version 32, address 0xfec00000, GSI 0-23
[    0.000000] ACPI: INT_SRC_OVR (bus 0 bus_irq 0 global_irq 2 dfl dfl)
[    0.000000] ACPI: INT_SRC_OVR (bus 0 bus_irq 9 global_irq 9 low level)
[    0.000000] Using ACPI (MADT) for SMP configuration information
[    0.000000] smpboot: Allowing 2 CPUs, 0 hotplug CPUs
[    0.000000] PM: Registered nosave memory: [mem 0x00000000-0x00000fff]
[    0.000000] PM: Registered nosave memory: [mem 0x0009f000-0x0009ffff]
[    0.000000] PM: Registered nosave memory: [mem 0x000a0000-0x000effff]
[    0.000000] PM: Registered nosave memory: [mem 0x000f0000-0x000fffff]
[    0.000000] e820: [mem 0x40000000-0xfebfffff] available for PCI devices
[    0.000000] Booting paravirtualized kernel on KVM
[    0.000000] clocksource: refined-jiffies: mask: 0xffffffff max_cycles: 0xffffffff, max_idle_ns: 7645519600211568 ns
[    0.000000] setup_percpu: NR_CPUS:512 nr_cpumask_bits:512 nr_cpu_ids:2 nr_node_ids:1
[    0.000000] PERCPU: Embedded 33 pages/cpu @ffff88003fc00000 s95448 r8192 d31528 u1048576
[    0.000000] Built 1 zonelists in Node order, mobility grouping on.  Total pages: 257912
[    0.000000] Policy zone: DMA32
[    0.000000] Kernel command line: BOOT_IMAGE=/boot/vmlinuz-4.4.0-184-generic root=LABEL=cloudimg-rootfs ro console=tty1 console=ttyS0
[    0.000000] PID hash table entries: 4096 (order: 3, 32768 bytes)
[    0.000000] Memory: 997668K/1048120K available (8632K kernel code, 1336K rwdata, 4036K rodata, 1492K init, 1292K bss, 50452K reserved, 0K cma-reserved)
[    0.000000] SLUB: HWalign=64, Order=0-3, MinObjects=0, CPUs=2, Nodes=1
[    0.000000] Kernel/User page tables isolation: enabled
[    0.000000] Hierarchical RCU implementation.
[    0.000000] 	Build-time adjustment of leaf fanout to 64.
[    0.000000] 	RCU restricting CPUs from NR_CPUS=512 to nr_cpu_ids=2.
[    0.000000] RCU: Adjusting geometry for rcu_fanout_leaf=64, nr_cpu_ids=2
[    0.000000] NR_IRQS:33024 nr_irqs:440 16
[    0.000000] Console: colour VGA+ 80x25
[    0.000000] console [tty1] enabled
[    0.000000] console [ttyS0] enabled
[    0.000000] tsc: Detected 1599.946 MHz processor
[    0.519997] Calibrating delay loop (skipped) preset value.. 3199.89 BogoMIPS (lpj=6399784)
[    0.527538] pid_max: default: 32768 minimum: 301
[    0.531070] ACPI: Core revision 20150930
[    0.536456] ACPI: 2 ACPI AML tables successfully acquired and loaded
[    0.541497] Security Framework initialized
[    0.544935] Yama: becoming mindful.
[    0.547869] AppArmor: AppArmor initialized
[    0.551485] Dentry cache hash table entries: 131072 (order: 8, 1048576 bytes)
[    0.559320] Inode-cache hash table entries: 65536 (order: 7, 524288 bytes)
[    0.565448] Mount-cache hash table entries: 2048 (order: 2, 16384 bytes)
[    0.570216] Mountpoint-cache hash table entries: 2048 (order: 2, 16384 bytes)
[    0.576983] Initializing cgroup subsys io
[    0.580155] Initializing cgroup subsys memory
[    0.585018] Initializing cgroup subsys devices
[    0.590407] Initializing cgroup subsys freezer
[    0.594447] Initializing cgroup subsys net_cls
[    0.597886] Initializing cgroup subsys perf_event
[    0.601620] Initializing cgroup subsys net_prio
[    0.607539] Initializing cgroup subsys hugetlb
[    0.613112] Initializing cgroup subsys pids
[    0.625577] mce: CPU supports 0 MCE banks
[    0.633613] Last level iTLB entries: 4KB 48, 2MB 0, 4MB 0
[    0.643333] Last level dTLB entries: 4KB 256, 2MB 16, 4MB 16, 1GB 0
[    0.654653] Spectre V1 : Mitigation: usercopy/swapgs barriers and __user pointer sanitization
[    0.665669] Spectre V2 : Mitigation: Full generic retpoline
[    0.676459] Spectre V2 : Spectre v2 / SpectreRSB mitigation: Filling RSB on context switch
[    0.689291] MDS: Vulnerable: Clear CPU buffers attempted, no microcode
[    0.708555] Freeing SMP alternatives memory: 36K
[    0.741458] ftrace: allocating 32319 entries in 127 pages
[    0.967859] smpboot: APIC(0) Converting physical 0 to logical package 0
[    0.972733] smpboot: Max logical packages: 1
[    0.977258] x2apic enabled
[    0.980993] Switched APIC routing to physical x2apic.
[    0.989585] ..TIMER: vector=0x30 apic1=0 pin1=2 apic2=-1 pin2=-1
[    1.103216] smpboot: CPU0: Intel(R) Celeron(R) CPU  N3060  @ 1.60GHz (family: 0x6, model: 0x4c, stepping: 0x4)
[    1.123319] Performance Events: unsupported p6 CPU model 76 no PMU driver, software events only.
[    1.177714] KVM setup paravirtual spinlock
[    1.182605] x86: Booting SMP configuration:
[    1.186360] .... node  #0, CPUs:      #1
[    1.189955] kvm-clock: cpu 1, msr 0:3ffe3041, secondary cpu clock
[    1.200055] mce: CPU supports 0 MCE banks
[    1.216366] x86: Booted up 1 node, 2 CPUs
[    1.220487] smpboot: Total of 2 processors activated (6399.78 BogoMIPS)
[    1.226762] devtmpfs: initialized
[    1.235620] evm: security.selinux
[    1.240322] evm: security.SMACK64
[    1.243912] evm: security.SMACK64EXEC
[    1.247042] evm: security.SMACK64TRANSMUTE
[    1.250516] evm: security.SMACK64MMAP
[    1.253542] evm: security.ima
[    1.256204] evm: security.capability
[    1.259976] clocksource: jiffies: mask: 0xffffffff max_cycles: 0xffffffff, max_idle_ns: 7645041785100000 ns
[    1.267719] futex hash table entries: 512 (order: 3, 32768 bytes)
[    1.272672] pinctrl core: initialized pinctrl subsystem
[    1.277143] RTC time:  1:25:30, date: 06/26/20
[    1.281443] NET: Registered protocol family 16
[    1.295320] cpuidle: using governor ladder
[    1.311897] cpuidle: using governor menu
[    1.315348] PCCT header not found.
[    1.318556] ACPI: bus type PCI registered
[    1.321888] acpiphp: ACPI Hot Plug PCI Controller Driver version: 0.5
[    1.326846] PCI: Using configuration type 1 for base access
[    1.345024] ACPI: Added _OSI(Module Device)
[    1.348462] ACPI: Added _OSI(Processor Device)
[    1.352132] ACPI: Added _OSI(3.0 _SCP Extensions)
[    1.356394] ACPI: Added _OSI(Processor Aggregator Device)
[    1.362651] ACPI: Executed 1 blocks of module-level executable AML code
[    1.373324] ACPI: Interpreter enabled
[    1.376697] ACPI: (supports S0 S5)
[    1.380475] ACPI: Using IOAPIC for interrupt routing
[    1.387251] PCI: Using host bridge windows from ACPI; if necessary, use "pci=nocrs" and report a bug
[    1.408148] ACPI: PCI Root Bridge [PCI0] (domain 0000 [bus 00-ff])
[    1.415447] acpi PNP0A03:00: _OSC: OS supports [ASPM ClockPM Segments MSI]
[    1.425112] acpi PNP0A03:00: _OSC: not requesting OS control; OS requires [ExtendedConfig ASPM ClockPM MSI]
[    1.437028] acpi PNP0A03:00: fail to add MMCONFIG information, can't access extended PCI configuration space under this bridge.
[    1.451563] PCI host bridge to bus 0000:00
[    1.454826] pci_bus 0000:00: root bus resource [io  0x0000-0x0cf7 window]
[    1.459687] pci_bus 0000:00: root bus resource [io  0x0d00-0xffff window]
[    1.465183] pci_bus 0000:00: root bus resource [mem 0x000a0000-0x000bffff window]
[    1.471279] pci_bus 0000:00: root bus resource [mem 0x40000000-0xfdffffff window]
[    1.477414] pci_bus 0000:00: root bus resource [bus 00-ff]
[    1.490827] pci 0000:00:01.1: legacy IDE quirk: reg 0x10: [io  0x01f0-0x01f7]
[    1.495962] pci 0000:00:01.1: legacy IDE quirk: reg 0x14: [io  0x03f6]
[    1.502483] pci 0000:00:01.1: legacy IDE quirk: reg 0x18: [io  0x0170-0x0177]
[    1.507410] pci 0000:00:01.1: legacy IDE quirk: reg 0x1c: [io  0x0376]
[    1.571402] pci 0000:00:07.0: quirk: [io  0x4000-0x403f] claimed by PIIX4 ACPI
[    1.577497] pci 0000:00:07.0: quirk: [io  0x4100-0x410f] claimed by PIIX4 SMB
[    1.609673] ACPI: PCI Interrupt Link [LNKA] (IRQs 5 9 10 *11)
[    1.616214] ACPI: PCI Interrupt Link [LNKB] (IRQs 5 9 *10 11)
[    1.622481] ACPI: PCI Interrupt Link [LNKC] (IRQs 5 *9 10 11)
[    1.630167] ACPI: PCI Interrupt Link [LNKD] (IRQs 5 9 10 *11)
[    1.680659] ACPI: Enabled 2 GPEs in block 00 to 07
[    1.685822] vgaarb: setting as boot device: PCI:0000:00:02.0
[    1.690082] vgaarb: device added: PCI:0000:00:02.0,decodes=io+mem,owns=io+mem,locks=none
[    1.700171] vgaarb: loaded
[    1.704217] vgaarb: bridge control possible 0000:00:02.0
[    1.711395] SCSI subsystem initialized
[    1.723007] ACPI: bus type USB registered
[    1.730864] usbcore: registered new interface driver usbfs
[    1.742070] usbcore: registered new interface driver hub
[    1.756323] usbcore: registered new device driver usb
[    1.772277] PCI: Using ACPI for IRQ routing
[    1.783666] NetLabel: Initializing
[    1.786720] NetLabel:  domain hash size = 128
[    1.790789] NetLabel:  protocols = UNLABELED CIPSOv4
[    1.794582] NetLabel:  unlabeled traffic allowed by default
[    1.799308] amd_nb: Cannot enumerate AMD northbridges
[    1.803728] clocksource: Switched to clocksource kvm-clock
[    1.825353] AppArmor: AppArmor Filesystem Enabled
[    1.829119] pnp: PnP ACPI init
[    1.834251] pnp: PnP ACPI: found 3 devices
[    1.856486] clocksource: acpi_pm: mask: 0xffffff max_cycles: 0xffffff, max_idle_ns: 2085701024 ns
[    1.863337] NET: Registered protocol family 2
[    1.867431] TCP established hash table entries: 8192 (order: 4, 65536 bytes)
[    1.872555] TCP bind hash table entries: 8192 (order: 5, 131072 bytes)
[    1.877407] TCP: Hash tables configured (established 8192 bind 8192)
[    1.882486] UDP hash table entries: 512 (order: 2, 16384 bytes)
[    1.887049] UDP-Lite hash table entries: 512 (order: 2, 16384 bytes)
[    1.891651] NET: Registered protocol family 1
[    1.895566] pci 0000:00:00.0: Limiting direct PCI/PCI transfers
[    1.900508] pci 0000:00:01.0: Activating ISA DMA hang workarounds
[    1.905675] Unpacking initramfs...
[    2.369636] Freeing initrd memory: 14880K
[    2.373289] clocksource: tsc: mask: 0xffffffffffffffff max_cycles: 0x170ff1f21a7, max_idle_ns: 440795248081 ns
[    2.381261] platform rtc_cmos: registered platform RTC device (no PNP device found)
[    2.388487] Scanning for low memory corruption every 60 seconds
[    2.393842] audit: initializing netlink subsys (disabled)
[    2.397892] audit: type=2000 audit(1593134744.513:1): initialized
[    2.403018] Initialise system trusted keyring
[    2.406941] HugeTLB registered 2 MB page size, pre-allocated 0 pages
[    2.414459] zbud: loaded
[    2.417806] VFS: Disk quotas dquot_6.6.0
[    2.421047] VFS: Dquot-cache hash table entries: 512 (order 0, 4096 bytes)
[    2.426830] squashfs: version 4.0 (2009/01/31) Phillip Lougher
[    2.432538] fuse init (API version 7.23)
[    2.436265] Key type big_key registered
[    2.439342] Allocating IMA MOK and blacklist keyrings.
[    2.445938] Key type asymmetric registered
[    2.449788] Asymmetric key parser 'x509' registered
[    2.453611] Block layer SCSI generic (bsg) driver version 0.4 loaded (major 249)
[    2.460085] io scheduler noop registered
[    2.463328] io scheduler deadline registered (default)
[    2.467755] io scheduler cfq registered
[    2.471459] pci_hotplug: PCI Hot Plug PCI Core version: 0.5
[    2.475838] pciehp: PCI Express Hot Plug Controller Driver version: 0.4
[    2.480962] ACPI: AC Adapter [AC] (on-line)
[    2.484783] input: Power Button as /devices/LNXSYSTM:00/LNXPWRBN:00/input/input0
[    2.491404] ACPI: Power Button [PWRF]
[    2.495076] input: Sleep Button as /devices/LNXSYSTM:00/LNXSLPBN:00/input/input1
[    2.501417] ACPI: Sleep Button [SLPF]
[    2.506903] ACPI: Battery Slot [BAT0] (battery present)
[    2.510961] GHES: HEST is not enabled!
[    2.514508] Serial: 8250/16550 driver, 32 ports, IRQ sharing enabled
[    2.543001] 00:02: ttyS0 at I/O 0x3f8 (irq = 4, base_baud = 115200) is a 16550A
[    2.552748] Linux agpgart interface v0.103
[    2.560204] loop: module loaded
[    2.564698] scsi host0: ata_piix
[    2.568278] scsi host1: ata_piix
[    2.571180] ata1: PATA max UDMA/33 cmd 0x1f0 ctl 0x3f6 bmdma 0xd000 irq 14
[    2.576224] ata2: PATA max UDMA/33 cmd 0x170 ctl 0x376 bmdma 0xd008 irq 15
[    2.581848] libphy: Fixed MDIO Bus: probed
[    2.587741] tun: Universal TUN/TAP device driver, 1.6
[    2.594583] tun: (C) 1999-2004 Max Krasnyansky <maxk@qualcomm.com>
[    2.599141] PPP generic driver version 2.4.2
[    2.603169] ehci_hcd: USB 2.0 'Enhanced' Host Controller (EHCI) Driver
[    2.608152] ehci-pci: EHCI PCI platform driver
[    2.612100] ehci-platform: EHCI generic platform driver
[    2.617068] ohci_hcd: USB 1.1 'Open' Host Controller (OHCI) Driver
[    2.621571] ohci-pci: OHCI PCI platform driver
[    2.626043] ohci-platform: OHCI generic platform driver
[    2.630230] uhci_hcd: USB Universal Host Controller Interface driver
[    2.635045] i8042: PNP: PS/2 Controller [PNP0303:PS2K,PNP0f03:PS2M] at 0x60,0x64 irq 1,12
[    2.643476] serio: i8042 KBD port at 0x60,0x64 irq 1
[    2.647449] serio: i8042 AUX port at 0x60,0x64 irq 12
[    2.652795] mousedev: PS/2 mouse device common for all mice
[    2.660324] input: AT Translated Set 2 keyboard as /devices/platform/i8042/serio0/input/input2
[    2.667460] rtc_cmos rtc_cmos: rtc core: registered rtc_cmos as rtc0
[    2.667719] rtc_cmos rtc_cmos: alarms up to one day, 114 bytes nvram
[    2.667754] i2c /dev entries driver
[    2.667969] device-mapper: uevent: version 1.0.3
[    2.676190] device-mapper: ioctl: 4.34.0-ioctl (2015-10-28) initialised: dm-devel@redhat.com
[    2.676233] ledtrig-cpu: registered to indicate activity on CPUs
[    2.677015] NET: Registered protocol family 10
[    2.677484] NET: Registered protocol family 17
[    2.677511] Key type dns_resolver registered
[    2.678072] registered taskstats version 1
[    2.678094] Loading compiled-in X.509 certificates
[    2.679695] Loaded X.509 cert 'Build time autogenerated kernel key: b6ae09eed57f82583ccd3c65c463e852cdd7a0b5'
[    2.679838] zswap: loaded using pool lzo/zbud
[    2.685408] Key type trusted registered
[    2.706009] Key type encrypted registered
[    2.706023] AppArmor: AppArmor sha1 policy hashing enabled
[    2.706028] ima: No TPM chip found, activating TPM-bypass!
[    2.706046] ima: Allocated hash algorithm: sha1
[    2.706075] evm: HMAC attrs: 0x1
[    2.707192]   Magic number: 8:431:408
[    2.708789] rtc_cmos rtc_cmos: setting system clock to 2020-06-26 01:25:31 UTC (1593134731)
[    2.709055] BIOS EDD facility v0.16 2004-Jun-25, 0 devices found
[    2.709055] EDD information not available.
[    2.812362] Freeing unused kernel memory: 1492K
[    2.832825] Write protecting the kernel read-only data: 14336k
[    2.839120] Freeing unused kernel memory: 1596K
[    2.844283] Freeing unused kernel memory: 60K
Loading, please wait...
starting version 229
[    2.916593] random: systemd-udevd: uninitialized urandom read (16 bytes read, 3 bits of entropy available)
[    2.919443] random: udevadm: uninitialized urandom read (16 bytes read, 3 bits of entropy available)
[    2.919522] random: udevadm: uninitialized urandom read (16 bytes read, 3 bits of entropy available)
[    2.951674] random: systemd-udevd: uninitialized urandom read (16 bytes read, 3 bits of entropy available)
[    2.968435] random: udevadm: uninitialized urandom read (16 bytes read, 3 bits of entropy available)
[    2.968582] random: udevadm: uninitialized urandom read (16 bytes read, 3 bits of entropy available)
[    2.969168] random: udevadm: uninitialized urandom read (16 bytes read, 3 bits of entropy available)
[    2.969404] random: udevadm: uninitialized urandom read (16 bytes read, 3 bits of entropy available)
[    2.969632] random: udevadm: uninitialized urandom read (16 bytes read, 3 bits of entropy available)
[    2.969862] random: udevadm: uninitialized urandom read (16 bytes read, 3 bits of entropy available)
[    3.194681] e1000: Intel(R) PRO/1000 Network Driver - version 7.3.21-k8-NAPI
[    3.202714] e1000: Copyright (c) 1999-2006 Intel Corporation.
[    3.219722] Fusion MPT base driver 3.04.20
[    3.224518] Copyright (c) 1999-2008 LSI Corporation
[    3.245742] Fusion MPT SPI Host driver 3.04.20
[    3.296545] SSE version of gcm_enc/dec engaged.
[    3.463956] input: ImExPS/2 Generic Explorer Mouse as /devices/platform/i8042/serio1/input/input4
[    4.204650] e1000 0000:00:03.0 eth0: (PCI:33MHz:32-bit) 02:63:d7:4e:6d:2e
[    4.210214] e1000 0000:00:03.0 eth0: Intel(R) PRO/1000 Network Connection
[    4.219784] e1000 0000:00:03.0 enp0s3: renamed from eth0
[    4.225677] mptbase: ioc0: Initiating bringup
[    4.292658] ioc0: LSI53C1030 A0: Capabilities={Initiator}
[    4.459900] scsi host2: ioc0: LSI53C1030 A0, FwRev=00000000h, Ports=1, MaxQ=256, IRQ=20
[    4.576808] scsi 2:0:0:0: Direct-Access     VBOX     HARDDISK         1.0  PQ: 0 ANSI: 5
[    4.583830] scsi target2:0:0: Beginning Domain Validation
[    4.596445] scsi target2:0:0: Domain Validation skipping write tests
[    4.601715] scsi target2:0:0: Ending Domain Validation
[    4.605904] scsi target2:0:0: asynchronous
[    4.611332] scsi 2:0:1:0: Direct-Access     VBOX     HARDDISK         1.0  PQ: 0 ANSI: 5
[    4.617945] scsi target2:0:1: Beginning Domain Validation
[    4.626492] scsi target2:0:1: Domain Validation skipping write tests
[    4.631088] scsi target2:0:1: Ending Domain Validation
[    4.635997] scsi target2:0:1: asynchronous
[    4.662014] sd 2:0:0:0: [sda] 20971520 512-byte logical blocks: (10.7 GB/10.0 GiB)
[    4.668745] sd 2:0:0:0: Attached scsi generic sg0 type 0
[    4.673888] sd 2:0:0:0: [sda] Write Protect is off
[    4.678470] sd 2:0:1:0: Attached scsi generic sg1 type 0
[    4.683832] sd 2:0:1:0: [sdb] 20480 512-byte logical blocks: (10.5 MB/10.0 MiB)
[    4.690718] sd 2:0:0:0: [sda] Incomplete mode parameter data
[    4.692649] sd 2:0:1:0: [sdb] Write Protect is off
[    4.693273] sd 2:0:1:0: [sdb] Incomplete mode parameter data
[    4.693276] sd 2:0:1:0: [sdb] Assuming drive cache: write through
[    4.763199] sd 2:0:0:0: [sda] Assuming drive cache: write through
[    4.792815] sd 2:0:1:0: [sdb] Attached SCSI disk
[    4.802192]  sda: sda1
[    4.808697] sd 2:0:0:0: [sda] Attached SCSI disk
Begin: Loading essential drivers ... [    7.782013] md: linear personality registered for level -1
[    7.796472] md: multipath personality registered for level -4
[    7.822281] md: raid0 personality registered for level 0
[    7.857746] md: raid1 personality registered for level 1
[    7.944073] raid6: sse2x1   gen()   750 MB/s
[    8.012183] raid6: sse2x1   xor()  2461 MB/s
[    8.079846] raid6: sse2x2   gen()   502 MB/s
[    8.147880] raid6: sse2x2   xor()  2730 MB/s
[    8.216197] raid6: sse2x4   gen()   977 MB/s
[    8.288247] raid6: sse2x4   xor()   827 MB/s
[    8.292012] raid6: using algorithm sse2x4 gen() 977 MB/s
[    8.296299] raid6: .... xor() 827 MB/s, rmw enabled
[    8.304688] raid6: using ssse3x2 recovery algorithm
[    8.348714] xor: measuring software checksum speed
[    8.391996]    prefetch64-sse:  6995.000 MB/sec
[    8.431781]    generic_sse:  6461.000 MB/sec
[    8.435183] xor: using function: prefetch64-sse (6995.000 MB/sec)
[    8.443768] async_tx: api initialized (async)
[    8.480079] md: raid6 personality registered for level 6
[    8.484562] md: raid5 personality registered for level 5
[    8.488725] md: raid4 personality registered for level 4
[    8.513928] md: raid10 personality registered for level 10
done.
Begin: Running /scripts/init-premount ... done.
Begin: Mounting root file system ... Begin: Running /scripts/local-top ... done.
Begin: Running /scripts/local-premount ... [    8.625800] Btrfs loaded
Scanning for Btrfs filesystems
done.
Warning: fsck not present, so skipping root file system
[    8.881648] EXT4-fs (sda1): mounted filesystem with ordered data mode. Opts: (null)
done.
Begin: Running /scripts/local-bottom ... done.
Begin: Running /scripts/init-bottom ... done.
[    9.485805] random: nonblocking pool is initialized
[   12.928840] systemd[1]: systemd 229 running in system mode. (+PAM +AUDIT +SELINUX +IMA +APPARMOR +SMACK +SYSVINIT +UTMP +LIBCRYPTSETUP +GCRYPT +GNUTLS +ACL +XZ -LZ4 +SECCOMP +BLKID +ELFUTILS +KMOD -IDN)
[   12.943257] systemd[1]: Detected virtualization oracle.
[   12.947280] systemd[1]: Detected architecture x86-64.

Welcome to [1mUbuntu 16.04.6 LTS[0m!

[   13.109894] systemd[1]: Set hostname to <ubuntu>.
[   13.370685] systemd[1]: Initializing machine ID from random generator.
[   13.375356] systemd[1]: Installed transient /etc/machine-id file.
[   19.804924] systemd[1]: Listening on LVM2 poll daemon socket.
[[0;32m  OK  [0m] Listening on LVM2 poll daemon socket.
[   19.814852] systemd[1]: Listening on Journal Socket.
[[0;32m  OK  [0m] Listening on Journal Socket.
[   19.822444] systemd[1]: Listening on /dev/initctl Compatibility Named Pipe.
[[0;32m  OK  [0m] Listening on /dev/initctl Compatibility Named Pipe.
[   19.831846] systemd[1]: Started Forward Password Requests to Wall Directory Watch.
[[0;32m  OK  [0m] Started Forward Password Requests to Wall Directory Watch.
[   19.843172] systemd[1]: Reached target User and Group Name Lookups.
[[0;32m  OK  [0m] Reached target User and Group Name Lookups.
[   19.851845] systemd[1]: Reached target Swap.
[[0;32m  OK  [0m] Reached target Swap.
[   19.858771] systemd[1]: Listening on udev Kernel Socket.
[[0;32m  OK  [0m] Listening on udev Kernel Socket.
[   19.866684] systemd[1]: Listening on Journal Audit Socket.
[[0;32m  OK  [0m] Listening on Journal Audit Socket.
[   19.877079] systemd[1]: Created slice User and Session Slice.
[[0;32m  OK  [0m] Created slice User and Session Slice.
[   19.885783] systemd[1]: Listening on Syslog Socket.
[[0;32m  OK  [0m] Listening on Syslog Socket.
[   19.893571] systemd[1]: Set up automount Arbitrary Executable File Formats File System Automount Point.
[[0;32m  OK  [0m] Set up automount Arbitrary Executab...ats File System Automount Point.
[   19.907630] systemd[1]: Listening on Journal Socket (/dev/log).
[[0;32m  OK  [0m] Listening on Journal Socket (/dev/log).
[   19.915703] systemd[1]: Started Trigger resolvconf update for networkd DNS.
[[0;32m  OK  [0m] Started Trigger resolvconf update for networkd DNS.
[   19.925994] systemd[1]: Listening on Device-mapper event daemon FIFOs.
[[0;32m  OK  [0m] Listening on Device-mapper event daemon FIFOs.
[   19.935285] systemd[1]: Listening on udev Control Socket.
[[0;32m  OK  [0m] Listening on udev Control Socket.
[   19.943557] systemd[1]: Reached target Encrypted Volumes.
[[0;32m  OK  [0m] Reached target Encrypted Volumes.
[   19.952868] systemd[1]: Created slice System Slice.
[[0;32m  OK  [0m] Created slice System Slice.
[   20.021044] systemd[1]: Starting Uncomplicated firewall...
         Starting Uncomplicated firewall...
[   20.032202] systemd[1]: Mounting Huge Pages File System...
         Mounting Huge Pages File System...
[   20.043453] systemd[1]: Mounting POSIX Message Queue File System...
         Mounting POSIX Message Queue File System...
[   20.056696] systemd[1]: Starting Set console keymap...
         Starting Set console keymap...
[   20.067886] systemd[1]: Starting Remount Root and Kernel File Systems...
         Starting Remount Root and Kernel File Systems...
[   20.156207] systemd[1]: Starting Load Kernel Modules...
         Starting Load Kernel Modules...
[   20.172755] systemd[1]: Reached target Slices.
[[0;32m  OK  [0m] Reached target Slices.
[   20.180438] systemd[1]: Listening on LVM2 metadata daemon socket.
[[0;32m  OK  [0m] Listening on LVM2 metadata daemon socket.
[   20.205100] systemd[1]: Starting Journal Service...
         Starting Journal Service...
[   20.219220] systemd[1]: Starting Monitoring of LVM2 mirrors, snapshots etc. using dmeventd or progress polling...
[   20.224934] EXT4-fs (sda1): re-mounted. Opts: (null)
         Starting Monitoring of LVM2 mirrors... dmeventd or progress polling...
[   20.247774] systemd[1]: Mounting Debug File System...
         Mounting Debug File System...
[   20.257417] systemd[1]: Created slice system-serial\x2dgetty.slice.
[[0;32m  OK  [0m] Created slice system-serial\x2dgetty.slice.
[   20.288790] systemd[1]: Starting Nameserver information manager...
         Starting Nameserver information manager...
[   20.318219] systemd[1]: Reached target System Time Synchronized.
[[0;32m  OK  [0m] Reached target System Time Synchronized.
[   20.372956] systemd[1]: Starting Create list of required static device nodes for the current kernel...
         Starting Create list of required st... nodes for the current kernel...
[   20.395307] systemd[1]: Mounted Huge Pages File System.
[[0;32m  OK  [0m] Mounted Huge Pages File System.
[   20.404426] systemd[1]: Mounted POSIX Message Queue File System.
[[0;32m  OK  [0m] Mounted POSIX Message Queue File System.
[   20.420809] systemd[1]: Mounted Debug File System.
[[0;32m  OK  [0m] Mounted Debug File System.
[   20.431450] systemd[1]: Started Uncomplicated firewall.
[[0;32m  OK  [0m] Started Uncomplicated firewall.
[   20.447828] systemd[1]: Started Remount Root and Kernel File Systems.
[[0;32m  OK  [0m] Started Remount Root and Kernel File Systems.
[   20.481361] Loading iSCSI transport class v2.0-870.
[   20.494428] systemd[1]: Starting Load/Save Random Seed...
         Starting Load/Save Random Seed...
[   20.668295] systemd[1]: Starting udev Coldplug all Devices...
         Starting udev Coldplug all Devices...
[   20.690005] systemd[1]: Started Create list of required static device nodes for the current kernel.
[[0;32m  OK  [0m] Started Create list of required sta...ce nodes for the current kernel.
[   20.727223] systemd[1]: Started Nameserver information manager.
[[0;32m  OK  [0m] Started Nameserver information manager.
[   20.747155] iscsi: registered transport (tcp)
[   20.748432] systemd[1]: Started Load/Save Random Seed.
[[0;32m  OK  [0m] Started Load/Save Random Seed.
[   20.780592] systemd[1]: Starting Create Static Device Nodes in /dev...
         Starting Create Static Device Nodes in /dev...
[   20.980789] systemd[1]: Started Journal Service.
[[0;32m  OK  [0m] Started Journal Service.
[[0;32m  OK  [0m] Started Set console keymap.
         Starting Flush Journal to Persistent Storage...
[[0;32m  OK  [0m] Started udev Coldplug all Devices.
[   21.206515] systemd-journald[384]: Received request to flush runtime journal from PID 1
[[0;32m  OK  [0m] Started Flush Journal to Persistent Storage.
[[0;32m  OK  [0m] Started LVM2 metadata daemon.[   21.319764] iscsi: registered transport (iser)

[[0;32m  OK  [0m] Started Load Kernel Modules.
         Starting Apply Kernel Variables...
         Mounting FUSE Control File System...
[[0;32m  OK  [0m] Mounted FUSE Control File System.
[[0;32m  OK  [0m] Started Apply Kernel Variables.
[[0;32m  OK  [0m] Started Monitoring of LVM2 mirrors,...ng dmeventd or progress polling.
[[0;32m  OK  [0m] Started Create Static Device Nodes in /dev.
         Starting udev Kernel Device Manager...
[[0;32m  OK  [0m] Reached target Local File Systems (Pre).
[[0;32m  OK  [0m] Reached target Local File Systems.
         Starting LSB: AppArmor initialization...
         Starting Create Volatile Files and Directories...
         Starting Tell Plymouth To Write Out Runtime Data...
         Starting Commit a transient machine-id on disk...
         Starting Set console font and keymap...
         Starting Initial cloud-init job (pre-networking)...
[[0;32m  OK  [0m] Started Tell Plymouth To Write Out Runtime Data.
[[0;32m  OK  [0m] Started Commit a transient machine-id on disk.
[[0;32m  OK  [0m] Started Create Volatile Files and Directories.
         Starting Update UTMP about System Boot/Shutdown...
[[0;32m  OK  [0m] Started Update UTMP about System Boot/Shutdown.
[[0;32m  OK  [0m] Started udev Kernel Device Manager.
[[0;32m  OK  [0m] Started Dispatch Password Requests to Console Directory Watch.
[[0;32m  OK  [0m] Started Set console font and keymap.
[[0;32m  OK  [0m] Created slice system-getty.slice.
[[0;32m  OK  [0m] Found device /dev/ttyS0.
[[0;32m  OK  [0m] Listening on Load/Save RF Kill Switch Status /dev/rfkill Watch.
[[0;32m  OK  [0m] Started LSB: AppArmor initialization.
[   42.833655] cloud-init[482]: Cloud-init v. 19.4-33-gbb4131a2-0ubuntu1~16.04.1 running 'init-local' at Fri, 26 Jun 2020 01:26:09 +0000. Up 39.61 seconds.
[[0;32m  OK  [0m] Started Initial cloud-init job (pre-networking).
[[0;32m  OK  [0m] Reached target Network (Pre).
         Starting Raise network interfaces...
[[0;32m  OK  [0m] Started Raise network interfaces.
[[0;32m  OK  [0m] Reached target Network.
         Starting Initial cloud-init job (metadata service crawler)...
[   52.876939] cloud-init[951]: Cloud-init v. 19.4-33-gbb4131a2-0ubuntu1~16.04.1 running 'init' at Fri, 26 Jun 2020 01:26:16 +0000. Up 46.49 seconds.
[   52.893608] cloud-init[951]: ci-info: ++++++++++++++++++++++++++++++++++++++Net device info++++++++++++++++++++++++++++++++++++++
[   52.899979] cloud-init[951]: ci-info: +--------+------+----------------------------+---------------+--------+-------------------+
[   52.909761] cloud-init[951]: ci-info: | Device |  Up  |          Address           |      Mask     | Scope  |     Hw-Address    |
[   52.916810] cloud-init[951]: ci-info: +--------+------+----------------------------+---------------+--------+-------------------+
[   52.933507] cloud-init[951]: ci-info: | enp0s3 | True |         10.0.2.15          | 255.255.255.0 | global | 02:63:d7:4e:6d:2e |
[   52.941695] cloud-init[951]: ci-info: | enp0s3 | True | fe80::63:d7ff:fe4e:6d2e/64 |       .       |  link  | 02:63:d7:4e:6d:2e |
[   52.952366] cloud-init[951]: ci-info: |   lo   | True |         127.0.0.1          |   255.0.0.0   |  host  |         .         |
[   52.958960] cloud-init[951]: ci-info: |   lo   | True |          ::1/128           |       .       |  host  |         .         |
[   52.969314] cloud-init[951]: ci-info: +--------+------+----------------------------+---------------+--------+-------------------+
[   52.978860] cloud-init[951]: ci-info: +++++++++++++++++++++++++++Route IPv4 info++++++++++++++++++++++++++++
[   52.993422] cloud-init[951]: ci-info: +-------+-------------+----------+---------------+-----------+-------+
[   53.000784] cloud-init[951]: ci-info: | Route | Destination | Gateway  |    Genmask    | Interface | Flags |
[   53.007689] cloud-init[951]: ci-info: +-------+-------------+----------+---------------+-----------+-------+
[   53.015175] cloud-init[951]: ci-info: |   0   |   0.0.0.0   | 10.0.2.2 |    0.0.0.0    |   enp0s3  |   UG  |
[   53.020667] cloud-init[951]: ci-info: |   1   |   10.0.2.0  | 0.0.0.0  | 255.255.255.0 |   enp0s3  |   U   |
[   53.026404] cloud-init[951]: ci-info: +-------+-------------+----------+---------------+-----------+-------+
[   53.037612] cloud-init[951]: ci-info: +++++++++++++++++++Route IPv6 info+++++++++++++++++++
[   53.047068] cloud-init[951]: ci-info: +-------+-------------+---------+-----------+-------+
[   53.052966] cloud-init[951]: ci-info: | Route | Destination | Gateway | Interface | Flags |
[   53.059879] cloud-init[951]: ci-info: +-------+-------------+---------+-----------+-------+
[   53.066498] cloud-init[951]: ci-info: |   0   |  fe80::/64  |    ::   |   enp0s3  |   U   |
[   53.110466] cloud-init[951]: ci-info: |   4   |   ff00::/8  |    ::   |   enp0s3  |   U   |
[   53.116643] cloud-init[951]: ci-info: +-------+-------------+---------+-----------+-------+
[   53.123707] cloud-init[951]: Generating public/private rsa key pair.
[   53.128270] cloud-init[951]: Your identification has been saved in /etc/ssh/ssh_host_rsa_key.
[   53.135186] cloud-init[951]: Your public key has been saved in /etc/ssh/ssh_host_rsa_key.pub.
[   53.144898] cloud-init[951]: The key fingerprint is:
[   53.151073] cloud-init[951]: SHA256:wZobLstpgEsJqU/SC4i++mf8/ybGrvNMesqyk0ssle0 root@ubuntu-xenial
[   53.160865] cloud-init[951]: The key's randomart image is:
[   53.177611] cloud-init[951]: +---[RSA 2048]----+
[   53.183001] cloud-init[951]: |                 |
[   53.187221] cloud-init[951]: |       .         |
[   53.191328] cloud-init[951]: | .      o        |
[   53.201314] cloud-init[951]: |o    o o .       |
[   53.213698] cloud-init[951]: |=o. o = S        |
[   53.217274] cloud-init[951]: |Bo+o o o         |
[   53.221319] cloud-init[951]: |o*.++.E..        |
[   53.226463] cloud-init[951]: |..o+O=.+= .      |
[   53.231152] cloud-init[951]: |ooo+***X=+.      |
[   53.235152] cloud-init[951]: +----[SHA256]-----+
[   53.241531] cloud-init[951]: Generating public/private dsa key pair.
[   53.260387] cloud-init[951]: Your identification has been saved in /etc/ssh/ssh_host_dsa_key.
[   53.265677] cloud-init[951]: Your public key has been saved in /etc/ssh/ssh_host_dsa_key.pub.
[   53.270970] cloud-init[951]: The key fingerprint is:
[   53.275155] cloud-init[951]: SHA256:EgLhpMFAnLh/4V1NZSGfJmo3+Ty2Ruewt51KWGVilJY root@ubuntu-xenial
[   53.281126] cloud-init[951]: The key's randomart image is:
[   53.285381] cloud-init[951]: +---[DSA 1024]----+
[[0;32m  OK  [0m] Started Initial cloud-init job (metadata service crawler).
[   53.306301] [[0;32m  OK  [0m] Reached target Cloud-config availability.
[[0;32m  OK  [0m] Reached target Network is Online.
cloud-init[951]: |O.=.      ..+oo  |
[   53.320472] cloud-init[951]: |.O .      .+.E   |
[   53.325100] cloud-init[951]: |... . .  o. =o o |
[   53.328671] cloud-init[951]: |.   .. ....+. +  |
[   53.333629] cloud-init[951]: | . . o..S +  .   |
[   53.339321] cloud-init[951]: |  . o .o . += .  |
         Starting iSCSI initiator daemon (iscsid)...
[   53.355223] cloud-init[951]: |   .       o=*   |
[   53.360889] cloud-init[951]: |           .+oo..|
[   53.366687] cloud-init[951]: |           ..ooo.|
[[0;32m  OK  [0m] Reached target System Initialization.
[[   53.367234] cloud-init[951]: +----[SHA256]-----+
[   53.372460] cloud-init[951]: Generating public/private ecdsa key pair.
[   53.376464] cloud-init[951]: Your identification has been saved in /etc/ssh/ssh_host_ecdsa_key.
[0;32m  OK  [0m] Listening on D-Bus System Message Bus Socket.
[[   53.377851] [0;32m  OK  [0mcloud-init] [951]: Started Daily apt download activities.Your public key has been saved in /etc/ssh/ssh_host_ecdsa_key.pub.

[[0;32m  OK  [0m[   53.392452] cloud-init[951]: The key fingerprint is:
[   53.399733] cloud-init[951]: SHA256:XGHlbXoFgMAUPf9FbhaDmNFKDFQd30kJi6ujARoXrtk root@ubuntu-xenial
] Listening on UUID daemon activation socket.
[[0;32m  OK  [0m[   53.401280] cloud-init[951]: The key's randomart image is:
[   53.410140] cloud-init[951]: +---[ECDSA 256]---+
[   53.412080] cloud-init[951]: |       o=**=O+=..|
] Listening on ACPID Listen Socket.
[   53.414778] cloud-init[951]: |        ..+B.=+=+|
[   53.422637] cloud-init[951]: |     .    o+o.o==|
[   53.425832] cloud-init[951]: |    . .. . .oo .=|
[   53.441120] cloud-init[951]: |   . +  S  ....+ |
[   53.447459] cloud-init[951]: |    B .   .  ..  |
[   53.455012] cloud-init[951]: |   + E . o       |
[   53.458640] cloud-init[951]: |        o .      |
[   53.461775] cloud-init[951]: |       .         |
[[0;32m  OK  [0m] Started ACPI Events Check.
[[   53.462583] [0;32m  OK  [0mcloud-init] [951]: Reached target Paths.+----[SHA256]-----+

[   53.472511] cloud-init[951]: Generating public/private ed25519 key pair.
[   53.473200] cloud-init[951]: Your identification has been saved in /etc/ssh/ssh_host_ed25519_key.
[[0;32m  OK  [0m] Started Message of the Day.
[[0;32m  OK  [0m] Started Daily Cleanup of Temporary Directories.
[   53.475206] cloud-init[951]: Your public key has been saved in /etc/ssh/ssh_host_ed25519_key.pub.
[   53.489900] cloud-init[951]: The key fingerprint is:
[   53.493651] cloud-init[951]: SHA256:LK4ZXXMrYUUB322dTshLnXxnYs5L5nbxgEtP9nPqRHo root@ubuntu-xenial
[   53.498298] cloud-init[951]: The key's randomart image is:
[   53.501861] cloud-init[951]: +--[ED25519 256]--+
[   53.506587] cloud-init[951]: |        ..o.     |
[   53.541677] cloud-init[951]: |         o ...+.o|
[   53.550659] cloud-init[951]: |          o .+=*=|
         Starting LXD - unix socket.
         [   53.551268] cloud-init[951]: |       . .  .*+oo|
[   53.556300] cloud-init[951]: |      . S . o.Xo |
[   53.560251] cloud-init[951]: |     o + + o @ +o|
Starting Socket activation for snappy daemon.
[   53.562803] cloud-init[951]: |    . o . . o E.=|
[[0;32m  OK  [0m] Started Daily apt upgrade and clean activities.
[   53.563092] cloud-init[951]: |     +   .   + oo|
[[0;32m  OK  [0m] Reached target Timers.
[[   53.574819] [0;32m  OK  [0mcloud-init] [951]: Listening on LXD - unix socket.|    o        .o  |

[   53.589074] cloud-init[951]: +----[SHA256]-----+
[[0;32m  OK  [0m] Listening on Socket activation for snappy daemon.
[[0;32m  OK  [0m] Reached target Sockets.
[[0;32m  OK  [0m] Reached target Basic System.
[[0;32m  OK  [0m] Started D-Bus System Message Bus.
[[0;32m  OK  [0m] Started ACPI event daemon.
[[0;32m  OK  [0m] Started Deferred execution scheduler.
         Starting System Logging Service...
         Starting Pollinate to seed the pseudo random number generator...
         Starting Snappy daemon...
         Starting LXD - container startup/shutdown...
[[0;32m  OK  [0m] Started Regular background program processing daemon.
         Starting LSB: Record successful boot for GRUB...
         Starting /etc/rc.local Compatibility...
         Starting Virtualbox guest utils...
         Starting Accounts Service...
         Starting Login Service...
         Starting LSB: MD monitoring daemon...
[[0;32m  OK  [0m] Started FUSE filesystem for LXC.
[[0;32m  OK  [0m] Started /etc/rc.local Compatibility.
[[0;32m  OK  [0m] Started iSCSI initiator daemon (iscsid).
         Starting Login to default iSCSI targets...
[[0;32m  OK  [0m] Started Login Service.
[[0;32m  OK  [0m] Started Unattended Upgrades Shutdown.
[[0;32m  OK  [0m] Started LSB: Record successful boot for GRUB.
[[0;32m  OK  [0m] Started Login to default iSCSI targets.
[[0;32m  OK  [0m] Reached target Remote File Systems (Pre).
[[0;32m  OK  [0m] Reached target Remote File Systems.
         Starting Permit User Sessions...
         Starting LSB: Set the CPU Frequency Scaling governor to "ondemand"...
         Starting LSB: daemon to balance interrupts for SMP systems...
         Starting LSB: automatic crash report generation...
[[0;32m  OK  [0m] Started LSB: MD monitoring daemon.
[[0;32m  OK  [0m] Started Permit User Sessions.
         Starting Hold until boot process finishes up...
         Starting Terminate Plymouth Boot Screen...
[[0;32m  OK  [0m] Started Hold until boot process finishes up.
[[0;32m  OK  [0m] Started System Logging Service.
[[0;32m  OK  [0m] Started Terminate Plymouth Boot Screen.
[[0;32m  OK  [0m] Started Serial Getty on ttyS0.
[[0;32m  OK  [0m] Started Getty on tty1.
[[0;32m  OK  [0m] Reached target Login Prompts.
         Starting Set console scheme...
[[0;32m  OK  [0m] Started LSB: Set the CPU Frequency Scaling governor to "ondemand".
[[0;32m  OK  [0m] Started LSB: daemon to balance interrupts for SMP systems.
[[0;32m  OK  [0m] Started Set console scheme.
[[0;32m  OK  [0m] Started LSB: automatic crash report generation.
         Starting Authenticate and Authorize Users to Run Privileged Tasks...
[[0;32m  OK  [0m] Started Virtualbox guest utils.
[[0;32m  OK  [0m] Started Authenticate and Authorize Users to Run Privileged Tasks.
[[0;32m  OK  [0m] Started Accounts Service.
[[0;32m  OK  [0m] Started Pollinate to seed the pseudo random number generator.
         Starting OpenBSD Secure Shell server...
[[0;32m  OK  [0m] Started OpenBSD Secure Shell server.
[[0;32m  OK  [0m] Started Snappy daemon.
         Starting Wait until snapd is fully seeded...
[[0;32m  OK  [0m] Started LXD - container startup/shutdown.

Ubuntu 16.04.6 LTS ubuntu-xenial ttyS0

ubuntu-xenial login: [   80.131745] cloud-init[1523]: Generating locales (this might take a while)...
[   84.445931] cloud-init[1523]:   en_US.UTF-8... done
[   84.449869] cloud-init[1523]: Generation complete.
[   90.477398] cloud-init[1523]: Cloud-init v. 19.4-33-gbb4131a2-0ubuntu1~16.04.1 running 'modules:config' at Fri, 26 Jun 2020 01:26:48 +0000. Up 78.55 seconds.
ci-info: no authorized SSH keys fingerprints found for user ubuntu.
<14>Jun 26 01:27:02 ec2: 
<14>Jun 26 01:27:02 ec2: #############################################################
<14>Jun 26 01:27:02 ec2: -----BEGIN SSH HOST KEY FINGERPRINTS-----
<14>Jun 26 01:27:02 ec2: 1024 SHA256:EgLhpMFAnLh/4V1NZSGfJmo3+Ty2Ruewt51KWGVilJY root@ubuntu-xenial (DSA)
<14>Jun 26 01:27:02 ec2: 256 SHA256:XGHlbXoFgMAUPf9FbhaDmNFKDFQd30kJi6ujARoXrtk root@ubuntu-xenial (ECDSA)
<14>Jun 26 01:27:02 ec2: 256 SHA256:LK4ZXXMrYUUB322dTshLnXxnYs5L5nbxgEtP9nPqRHo root@ubuntu-xenial (ED25519)
<14>Jun 26 01:27:02 ec2: 2048 SHA256:wZobLstpgEsJqU/SC4i++mf8/ybGrvNMesqyk0ssle0 root@ubuntu-xenial (RSA)
<14>Jun 26 01:27:02 ec2: -----END SSH HOST KEY FINGERPRINTS-----
<14>Jun 26 01:27:02 ec2: #############################################################
-----BEGIN SSH HOST KEY KEYS-----
ecdsa-sha2-nistp256 AAAAE2VjZHNhLXNoYTItbmlzdHAyNTYAAAAIbmlzdHAyNTYAAABBBBCpX2ugoqryGKeMhUOhp97nfl+s9J1HMus5StY+0rMSlbVhqSK/nFGugHIEl0KJvkD2z71CtnqATRst0fGobjc= root@ubuntu-xenial
ssh-ed25519 AAAAC3NzaC1lZDI1NTE5AAAAIHuzC2JOSUr3OBGfSHfFTAypk3aNoYFIw6etlmujOREV root@ubuntu-xenial
ssh-rsa AAAAB3NzaC1yc2EAAAADAQABAAABAQDLpJ6HqRc7kDmPvHICBjcxiykHjGHq1nEeyiD7KTx+ceCK2U4mnuhKmt2+d66aA8ax49aa0bqkW2Y+zak59h2XZl3C7BWxYVUOBirKPq0w1CWyByg7mYlUCJshifa3iHWsgNw9G9W2yvBB9D5o3OQ9ut+NGQkyUkQNC8l7BeMfntBAeDt+YcoF31+6+Ytm8c9WiDQDvYljqtdcvECaPL0ubIHoTvXxk0bP6L8TZGvdosWAcDGKqoG81FG9jy2SrcQSiePM7kBNrH2uaYJbJaFrZ13Nj7QOd4UUOuBUTQWHpnn9T/T5pp+QMth6gaSNXEvTpY8qZP7GQPoh+szwlzwf root@ubuntu-xenial
-----END SSH HOST KEY KEYS-----
[   93.381637] cloud-init[1647]: Cloud-init v. 19.4-33-gbb4131a2-0ubuntu1~16.04.1 running 'modules:final' at Fri, 26 Jun 2020 01:27:01 +0000. Up 92.09 seconds.
[   93.382734] cloud-init[1647]: ci-info: no authorized SSH keys fingerprints found for user ubuntu.
[   93.383307] cloud-init[1647]: Cloud-init v. 19.4-33-gbb4131a2-0ubuntu1~16.04.1 finished at Fri, 26 Jun 2020 01:27:03 +0000. Datasource DataSourceNoCloud [seed=/dev/sdb][dsmode=net].  Up 93.34 seconds
